<?xml version="1.0" encoding="UTF-8"?>
<!-- Generated by org.testng.reporters.JUnitReportReporter -->
<testsuite hostname="DESKTOP-T9IQM4C" failures="0" tests="1" name="expense.expenseCreateFeed_Test" time="599.193" errors="0" timestamp="2024-01-16T12:51:52 PKT" skipped="0">
  <testcase classname="expense.expenseCreateFeed_Test" name="expenseCreateTest" time="599.193"/>
  <system-out/>
</testsuite> <!-- expense.expenseCreateFeed_Test -->
