<?xml version="1.0" encoding="UTF-8"?>
<!-- Generated by org.testng.reporters.JUnitReportReporter -->
<testsuite hostname="DESKTOP-T9IQM4C" failures="0" tests="1" name="signin.Login_Test" time="18.073" errors="0" timestamp="2023-12-05T13:55:46 PKT" skipped="0">
  <testcase classname="signin.Login_Test" name="testLogin" time="18.073"/>
  <system-out/>
</testsuite> <!-- signin.Login_Test -->
