<?xml version="1.0" encoding="UTF-8"?>
<!-- Generated by org.testng.reporters.JUnitReportReporter -->
<testsuite hostname="DESKTOP-T9IQM4C" failures="0" tests="1" name="appraisal.appraisalTest" time="20.716" errors="0" timestamp="2024-01-11T11:01:57 PKT" skipped="0">
  <testcase classname="appraisal.appraisalTest" name="appraisalCreate" time="20.716"/>
  <system-out/>
</testsuite> <!-- appraisal.appraisalTest -->
