<?xml version="1.0" encoding="UTF-8"?>
<!-- Generated by org.testng.reporters.JUnitReportReporter -->
<testsuite hostname="DESKTOP-T9IQM4C" failures="0" tests="1" name="humanResourse.loan.LoanMultipleApprover_Test" time="47.198" errors="0" timestamp="2023-11-29T23:11:47 PKT" skipped="0">
  <testcase classname="humanResourse.loan.LoanMultipleApprover_Test" name="loanApproverAddTest" time="47.198"/>
  <system-out/>
</testsuite> <!-- humanResourse.loan.LoanMultipleApprover_Test -->
