<?xml version="1.0" encoding="UTF-8"?>
<!-- Generated by org.testng.reporters.JUnitReportReporter -->
<testsuite hostname="DESKTOP-T9IQM4C" failures="0" tests="1" name="leadManager.leadManager_Test" time="1081.933" errors="0" timestamp="2024-01-15T17:07:21 PKT" skipped="0">
  <testcase classname="leadManager.leadManager_Test" name="testLogin" time="1081.933"/>
  <system-out/>
</testsuite> <!-- leadManager.leadManager_Test -->
