<?xml version="1.0" encoding="UTF-8"?>
<!-- Generated by org.testng.reporters.JUnitReportReporter -->
<testsuite hostname="DESKTOP-T9IQM4C" failures="0" tests="1" name="workboard.workBoardTest" time="93.281" errors="0" timestamp="2024-01-15T16:47:19 PKT" skipped="0">
  <testcase classname="workboard.workBoardTest" name="workBoardCreateAndSectionAndTodos" time="93.281"/>
  <system-out/>
</testsuite> <!-- workboard.workBoardTest -->
