<?xml version="1.0" encoding="UTF-8"?>
<!-- Generated by org.testng.reporters.JUnitReportReporter -->
<testsuite hostname="DESKTOP-T9IQM4C" failures="0" tests="1" name="project.projectCreateTest" time="59.276" errors="0" timestamp="2023-12-22T12:40:01 PKT" skipped="0">
  <testcase classname="project.projectCreateTest" name="projectCreate" time="59.276"/>
  <system-out/>
</testsuite> <!-- project.projectCreateTest -->
