<?xml version="1.0" encoding="UTF-8"?>
<!-- Generated by org.testng.reporters.JUnitReportReporter -->
<testsuite hostname="DESKTOP-T9IQM4C" failures="0" tests="1" name="auction.auctionTest" time="48.227" errors="0" timestamp="2024-01-11T11:05:07 PKT" skipped="0">
  <testcase classname="auction.auctionTest" name="auctionCreateTest" time="48.227"/>
  <system-out/>
</testsuite> <!-- auction.auctionTest -->
