<?xml version="1.0" encoding="UTF-8"?>
<!-- Generated by org.testng.reporters.JUnitReportReporter -->
<testsuite hostname="DESKTOP-T9IQM4C" failures="0" tests="1" name="task.taskCreation_Test" time="70.234" errors="0" timestamp="2023-12-14T16:40:42 PKT" skipped="0">
  <testcase classname="task.taskCreation_Test" name="testCreateTestCond2" time="70.234"/>
  <system-out/>
</testsuite> <!-- task.taskCreation_Test -->
