<?xml version="1.0" encoding="UTF-8"?>
<!-- Generated by org.testng.reporters.JUnitReportReporter -->
<testsuite hostname="DESKTOP-T9IQM4C" failures="0" tests="1" name="humanResourse.bonus.bonusPercentage_Test" time="41.235" errors="0" timestamp="2023-12-08T09:10:02 PKT" skipped="0">
  <testcase classname="humanResourse.bonus.bonusPercentage_Test" name="BonusPercentageCreation" time="41.235"/>
  <system-out/>
</testsuite> <!-- humanResourse.bonus.bonusPercentage_Test -->
