<?xml version="1.0" encoding="UTF-8"?>
<!-- Generated by org.testng.reporters.JUnitReportReporter -->
<testsuite hostname="DESKTOP-T9IQM4C" failures="0" tests="1" name="travel.travelTest" time="1945.279" errors="0" timestamp="2024-01-16T13:26:13 PKT" skipped="0">
  <testcase classname="travel.travelTest" name="travelCreateTest" time="1945.279"/>
  <system-out/>
</testsuite> <!-- travel.travelTest -->
