<?xml version="1.0" encoding="UTF-8"?>
<!-- Generated by org.testng.reporters.JUnitReportReporter -->
<testsuite hostname="DESKTOP-T9IQM4C" failures="0" tests="1" name="salary.salaryApprovalProcessTest" time="47.978" errors="0" timestamp="2024-01-08T17:14:33 PKT" skipped="0">
  <testcase classname="salary.salaryApprovalProcessTest" name="createSalaryTest" time="47.978"/>
  <system-out/>
</testsuite> <!-- salary.salaryApprovalProcessTest -->
