<?xml version="1.0" encoding="UTF-8"?>
<!-- Generated by org.testng.reporters.JUnitReportReporter -->
<testsuite hostname="DESKTOP-T9IQM4C" failures="0" tests="1" name="quickAdd.quickadd_test" time="408.942" errors="0" timestamp="2024-01-15T15:48:04 PKT" skipped="0">
  <testcase classname="quickAdd.quickadd_test" name="quickAddEmployee" time="408.942"/>
  <system-out/>
</testsuite> <!-- quickAdd.quickadd_test -->
