<?xml version="1.0" encoding="UTF-8"?>
<!-- Generated by org.testng.reporters.JUnitReportReporter -->
<testsuite hostname="DESKTOP-T9IQM4C" failures="0" tests="1" name="leadManager.Lead_Group_leads" time="304.066" errors="0" timestamp="2024-01-15T11:23:24 PKT" skipped="0">
  <testcase classname="leadManager.Lead_Group_leads" name="testLogin" time="304.066"/>
  <system-out/>
</testsuite> <!-- leadManager.Lead_Group_leads -->
