<?xml version="1.0" encoding="UTF-8"?>
<!-- Generated by org.testng.reporters.JUnitReportReporter -->
<testsuite hostname="DESKTOP-T9IQM4C" failures="0" tests="1" name="payRoll.payrollCreateTest" time="26.376" errors="0" timestamp="2024-01-08T11:14:50 PKT" skipped="0">
  <testcase classname="payRoll.payrollCreateTest" name="travelCreateTest" time="26.376"/>
  <system-out/>
</testsuite> <!-- payRoll.payrollCreateTest -->
