<?xml version="1.0" encoding="UTF-8"?>
<!-- Generated by org.testng.reporters.JUnitReportReporter -->
<testsuite hostname="DESKTOP-T9IQM4C" failures="0" tests="1" name="quickAdd.Adding_Multiple_employee" time="34.540" errors="0" timestamp="2023-11-29T10:34:09 PKT" skipped="0">
  <testcase classname="quickAdd.Adding_Multiple_employee" name="testLogin" time="34.540"/>
  <system-out/>
</testsuite> <!-- quickAdd.Adding_Multiple_employee -->
