<?xml version="1.0" encoding="UTF-8"?>
<!-- Generated by org.testng.reporters.JUnitReportReporter -->
<testsuite hostname="DESKTOP-T9IQM4C" failures="0" tests="1" name="quickAdd.employeeVerificationonly" time="35.506" errors="0" timestamp="2023-12-01T00:36:22 PKT" skipped="0">
  <testcase classname="quickAdd.employeeVerificationonly" name="testLogin" time="35.506"/>
  <system-out/>
</testsuite> <!-- quickAdd.employeeVerificationonly -->
